<?xml version="1.0" encoding="UTF-8"?>
<!-- Generated by org.testng.reporters.JUnitReportReporter -->
<testsuite hostname="LAPTOP-PBENDVMV" failures="0" tests="2" name="resolutionTest.TestDemo" time="33.077" errors="0" timestamp="2024-05-11T01:59:21 IST" skipped="0">
  <testcase classname="resolutionTest.TestDemo" name="verifyTitleAndTakeScreenshot" time="16.612"/>
  <testcase classname="resolutionTest.TestDemo" name="verifyTitleAndTakeScreenshot" time="16.465"/>
</testsuite> <!-- resolutionTest.TestDemo -->
